<?xml version="1.0" encoding="UTF-8"?>
<!-- Generated by org.testng.reporters.JUnitReportReporter -->
<testsuite hostname="Sivanesh" failures="0" tests="2" name="runner.test_runner" time="42.081" errors="0" timestamp="8 Nov 2022 05:39:14 GMT">
  <testcase classname="runner.test_runner" name="runScenario" time="25.459"/>
  <testcase classname="runner.test_runner" name="runScenario" time="16.622"/>
</testsuite> <!-- runner.test_runner -->
