<?xml version="1.0" encoding="UTF-8"?>
<!-- Generated by org.testng.reporters.JUnitReportReporter -->
<testsuite hostname="Sivanesh" failures="0" tests="2" name="runner.test_runner" time="33.065" errors="0" timestamp="8 Nov 2022 05:40:52 GMT">
  <testcase classname="runner.test_runner" name="runScenario" time="13.673"/>
  <testcase classname="runner.test_runner" name="runScenario" time="19.392"/>
</testsuite> <!-- runner.test_runner -->
